<?xml version="1.0" encoding="UTF-8"?>
<!-- Generated by org.testng.reporters.JUnitReportReporter -->
<testsuite skipped="0" hostname="EPUALVIW0358" name="com.epam.lab.gmail.GmailTest" tests="1" failures="0" timestamp="01 Aug 2017 16:48:18 GMT" time="43.667" errors="0">
  <testcase name="markMessagesToImportantAndDelete" time="43.667" classname="com.epam.lab.gmail.GmailTest"/>
</testsuite> <!-- com.epam.lab.gmail.GmailTest -->
