<?xml version="1.0" encoding="UTF-8"?>
<!-- Generated by org.testng.reporters.JUnitReportReporter -->
<testsuite skipped="0" hostname="EPUALVIW0358" name="com.epam.lab.gmail.ChekMulti" tests="3" failures="0" timestamp="26 Jul 2017 09:05:11 GMT" time="0.040" errors="0">
  <testcase name="test" time="0.014" classname="com.epam.lab.gmail.ChekMulti"/>
  <testcase name="test" time="0.011" classname="com.epam.lab.gmail.ChekMulti"/>
  <testcase name="test" time="0.015" classname="com.epam.lab.gmail.ChekMulti"/>
</testsuite> <!-- com.epam.lab.gmail.ChekMulti -->
